\BOOKMARK [1][-]{section.1}{Introduction}{}% 1
\BOOKMARK [2][-]{subsection.1.1}{Motivation}{section.1}% 2
\BOOKMARK [2][-]{subsection.1.2}{Modular System Design}{section.1}% 3
\BOOKMARK [1][-]{section.2}{Physical Layer}{}% 4
\BOOKMARK [2][-]{subsection.2.1}{Arduino UNO microcontroller}{section.2}% 5
\BOOKMARK [2][-]{subsection.2.2}{HC-SR04 ultrasonic distance sensor}{section.2}% 6
\BOOKMARK [2][-]{subsection.2.3}{ESP8266 WiFi adapter}{section.2}% 7
\BOOKMARK [1][-]{section.3}{Network Layer}{}% 8
\BOOKMARK [2][-]{subsection.3.1}{Sensor clients}{section.3}% 9
\BOOKMARK [2][-]{subsection.3.2}{Server}{section.3}% 10
\BOOKMARK [3][-]{subsubsection.3.2.1}{TCP sockets}{subsection.3.2}% 11
\BOOKMARK [3][-]{subsubsection.3.2.2}{State machine}{subsection.3.2}% 12
\BOOKMARK [2][-]{subsection.3.3}{Smartphone app client}{section.3}% 13
\BOOKMARK [1][-]{section.4}{Future Work}{}% 14
\BOOKMARK [2][-]{subsection.4.1}{Ease of use}{section.4}% 15
\BOOKMARK [2][-]{subsection.4.2}{Extensibility}{section.4}% 16
\BOOKMARK [2][-]{subsection.4.3}{Robustness}{section.4}% 17
\BOOKMARK [2][-]{subsection.4.4}{Power}{section.4}% 18
\BOOKMARK [2][-]{subsection.4.5}{Security}{section.4}% 19
\BOOKMARK [1][-]{section.5}{Conclusion}{}% 20
